2025-05-19 23:19:02,912 - INFO - Starting translation run with 85 scenarios
2025-05-19 23:19:02,912 - INFO - Processing scenario 1/85: Bhojpuri
2025-05-19 23:19:02,913 - INFO - Processing Bhojpuri (bho)
2025-05-19 23:19:02,913 - INFO - Translated Luke 1:1 to bho
2025-05-19 23:19:03,119 - INFO - Translated Luke 1:2 to bho
2025-05-19 23:19:03,321 - INFO - Translated Luke 1:3 to bho
2025-05-19 23:19:03,525 - INFO - Progress: 1/85 scenarios processed (1 successful)
2025-05-19 23:19:03,525 - INFO - Processing scenario 2/85: Chhattisgarhi
2025-05-19 23:19:03,526 - INFO - Processing Chhattisgarhi (hne)
2025-05-19 23:19:03,527 - INFO - Translated Luke 1:1 to hne
2025-05-19 23:19:03,730 - INFO - Translated Luke 1:2 to hne
2025-05-19 23:19:03,931 - INFO - Translated Luke 1:3 to hne
2025-05-19 23:19:04,135 - INFO - Progress: 2/85 scenarios processed (2 successful)
2025-05-19 23:19:04,136 - INFO - Processing scenario 3/85: Chittagonian
2025-05-19 23:19:04,137 - INFO - Processing Chittagonian (ctg)
2025-05-19 23:19:04,137 - INFO - Translated Luke 1:1 to ctg
2025-05-19 23:19:04,338 - INFO - Translated Luke 1:2 to ctg
2025-05-19 23:19:04,539 - INFO - Translated Luke 1:3 to ctg
2025-05-19 23:19:04,744 - INFO - Progress: 3/85 scenarios processed (3 successful)
2025-05-19 23:19:04,744 - INFO - Processing scenario 4/85: Dari
2025-05-19 23:19:04,745 - INFO - Processing Dari (prs)
2025-05-19 23:19:04,746 - INFO - Translated Luke 1:1 to prs
2025-05-19 23:19:04,946 - INFO - Translated Luke 1:2 to prs
2025-05-19 23:19:05,148 - INFO - Translated Luke 1:3 to prs
2025-05-19 23:19:05,348 - INFO - Progress: 4/85 scenarios processed (4 successful)
2025-05-19 23:19:05,348 - INFO - Processing scenario 5/85: Fulfulde, Nigerian
2025-05-19 23:19:05,349 - INFO - Processing Fulfulde, Nigerian (fuv)
2025-05-19 23:19:05,349 - INFO - Translated Luke 1:1 to fuv
2025-05-19 23:19:05,550 - INFO - Translated Luke 1:2 to fuv
2025-05-19 23:19:05,755 - INFO - Translated Luke 1:3 to fuv
2025-05-19 23:19:05,960 - INFO - Progress: 5/85 scenarios processed (5 successful)
2025-05-19 23:19:05,961 - INFO - Processing scenario 6/85: Hassaniyya
2025-05-19 23:19:05,962 - INFO - Processing Hassaniyya (mey)
2025-05-19 23:19:05,962 - INFO - Translated Luke 1:1 to mey
2025-05-19 23:19:06,164 - INFO - Translated Luke 1:2 to mey
2025-05-19 23:19:06,366 - INFO - Translated Luke 1:3 to mey
2025-05-19 23:19:06,570 - INFO - Progress: 6/85 scenarios processed (6 successful)
2025-05-19 23:19:06,570 - INFO - Processing scenario 7/85: Hebrew
2025-05-19 23:19:06,571 - INFO - Processing Hebrew (heb)
2025-05-19 23:19:06,572 - INFO - Translated Luke 1:1 to heb
2025-05-19 23:19:06,772 - INFO - Translated Luke 1:2 to heb
2025-05-19 23:19:06,978 - INFO - Translated Luke 1:3 to heb
2025-05-19 23:19:07,179 - INFO - Progress: 7/85 scenarios processed (7 successful)
2025-05-19 23:19:07,179 - INFO - Processing scenario 8/85: Kanuri, Yerwa
2025-05-19 23:19:07,181 - INFO - Processing Kanuri, Yerwa (knc)
2025-05-19 23:19:07,181 - INFO - Translated Luke 1:1 to knc
2025-05-19 23:19:07,384 - INFO - Translated Luke 1:2 to knc
2025-05-19 23:19:07,588 - INFO - Translated Luke 1:3 to knc
2025-05-19 23:19:07,793 - INFO - Progress: 8/85 scenarios processed (8 successful)
2025-05-19 23:19:07,793 - INFO - Processing scenario 9/85: Kashmiri
2025-05-19 23:19:07,794 - INFO - Processing Kashmiri (kas)
2025-05-19 23:19:07,795 - INFO - Translated Luke 1:1 to kas
2025-05-19 23:19:07,995 - INFO - Translated Luke 1:2 to kas
2025-05-19 23:19:08,196 - INFO - Translated Luke 1:3 to kas
2025-05-19 23:19:08,401 - INFO - Progress: 9/85 scenarios processed (9 successful)
2025-05-19 23:19:08,401 - INFO - Processing scenario 10/85: Kazakh
2025-05-19 23:19:08,402 - INFO - Processing Kazakh (kaz)
2025-05-19 23:19:08,402 - INFO - Translated Luke 1:1 to kaz
2025-05-19 23:19:08,604 - INFO - Translated Luke 1:2 to kaz
2025-05-19 23:19:08,805 - INFO - Translated Luke 1:3 to kaz
2025-05-19 23:19:09,011 - INFO - Progress: 10/85 scenarios processed (10 successful)
2025-05-19 23:19:09,011 - INFO - Processing scenario 11/85: Kurdish, Northern
2025-05-19 23:19:09,012 - INFO - Processing Kurdish, Northern (kmr)
2025-05-19 23:19:09,012 - INFO - Translated Luke 1:1 to kmr
2025-05-19 23:19:09,214 - INFO - Translated Luke 1:2 to kmr
2025-05-19 23:19:09,419 - INFO - Translated Luke 1:3 to kmr
2025-05-19 23:20:14,398 - INFO - Starting translation run with 85 scenarios
2025-05-19 23:20:14,398 - INFO - Processing scenario 1/85: Bhojpuri
2025-05-19 23:20:14,399 - INFO - Processing Bhojpuri (bho)
2025-05-19 23:20:14,399 - INFO - Translated Luke 1:1 to bho
2025-05-19 23:20:14,605 - INFO - Translated Luke 1:2 to bho
2025-05-19 23:20:14,810 - INFO - Translated Luke 1:3 to bho
2025-05-19 23:20:15,012 - INFO - Progress: 1/85 scenarios processed (1 successful)
2025-05-19 23:20:15,012 - INFO - Processing scenario 2/85: Chhattisgarhi
2025-05-19 23:20:15,013 - INFO - Processing Chhattisgarhi (hne)
2025-05-19 23:20:15,013 - INFO - Translated Luke 1:1 to hne
2025-05-19 23:20:15,214 - INFO - Translated Luke 1:2 to hne
2025-05-19 23:20:15,420 - INFO - Translated Luke 1:3 to hne
2025-05-19 23:20:15,625 - INFO - Progress: 2/85 scenarios processed (2 successful)
2025-05-19 23:20:15,625 - INFO - Processing scenario 3/85: Chittagonian
2025-05-19 23:20:15,626 - INFO - Processing Chittagonian (ctg)
2025-05-19 23:20:15,626 - INFO - Translated Luke 1:1 to ctg
2025-05-19 23:20:15,828 - INFO - Translated Luke 1:2 to ctg
2025-05-19 23:20:16,033 - INFO - Translated Luke 1:3 to ctg
